<?xml version="1.0" encoding="UTF-8"?>
<testsuite name="TestHello-20241203142002" tests="2" file=".py" time="0.000" timestamp="2024-12-03T14:20:02" failures="0" errors="0" skipped="0">
	<testcase classname="TestHello" name="test_hello" time="0.000" timestamp="2024-12-03T14:20:02" file="test.py" line="12"/>
	<testcase classname="TestHello" name="test_name" time="0.000" timestamp="2024-12-03T14:20:02" file="test.py" line="26"/>
</testsuite>
